# JRE version: OpenJDK Runtime Environment (8.0_191-b12) (build 1.8.0_191-8u191-b12-0ubuntu0.18.04.1-b12)
# Java VM: OpenJDK 64-Bit Server VM (25.191-b12 mixed mode linux-amd64 compressed oops)
Heap:
 def new generation   total 152640K, used 0K [0x00000000c0000000, 0x00000000ca5a0000, 0x00000000d5550000)
  eden space 135680K,   0% used [0x00000000c0000000, 0x00000000c0000000, 0x00000000c8480000)
  from space 16960K,   0% used [0x00000000c9510000, 0x00000000c9510000, 0x00000000ca5a0000)
  to   space 16960K,   0% used [0x00000000c8480000, 0x00000000c8480000, 0x00000000c9510000)
 tenured generation   total 371908K, used 348865K [0x00000000d5550000, 0x00000000ec081000, 0x0000000100000000)
   the space 371908K,  93% used [0x00000000d5550000, 0x00000000eaa007d0, 0x00000000eaa00800, 0x00000000ec081000)
 Metaspace       used 43376K, capacity 43836K, committed 43992K, reserved 1087488K
  class space    used 6180K, capacity 6304K, committed 6400K, reserved 1048576K
GC Heap History (10 events):
Event: 43.017 GC heap after
Heap after GC invocations=84 (full 6):
 def new generation   total 152640K, used 11134K [0x00000000c0000000, 0x00000000ca5a0000, 0x00000000d5550000)
  eden space 135680K,   0% used [0x00000000c0000000, 0x00000000c0000000, 0x00000000c8480000)
  from space 16960K,  65% used [0x00000000c8480000, 0x00000000c8f5fbb0, 0x00000000c9510000)
  to   space 16960K,   0% used [0x00000000c9510000, 0x00000000c9510000, 0x00000000ca5a0000)
 tenured generation   total 339132K, used 277790K [0x00000000d5550000, 0x00000000ea07f000, 0x0000000100000000)
   the space 339132K,  81% used [0x00000000d5550000, 0x00000000e6497930, 0x00000000e6497a00, 0x00000000ea07f000)
 Metaspace       used 43371K, capacity 43836K, committed 43992K, reserved 1087488K
  class space    used 6180K, capacity 6304K, committed 6400K, reserved 1048576K
}
Event: 45.963 GC heap before
{Heap before GC invocations=84 (full 6):
 def new generation   total 152640K, used 146814K [0x00000000c0000000, 0x00000000ca5a0000, 0x00000000d5550000)
  eden space 135680K, 100% used [0x00000000c0000000, 0x00000000c8480000, 0x00000000c8480000)
  from space 16960K,  65% used [0x00000000c8480000, 0x00000000c8f5fbb0, 0x00000000c9510000)
  to   space 16960K,   0% used [0x00000000c9510000, 0x00000000c9510000, 0x00000000ca5a0000)
 tenured generation   total 339132K, used 277790K [0x00000000d5550000, 0x00000000ea07f000, 0x0000000100000000)
   the space 339132K,  81% used [0x00000000d5550000, 0x00000000e6497930, 0x00000000e6497a00, 0x00000000ea07f000)
 Metaspace       used 43372K, capacity 43836K, committed 43992K, reserved 1087488K
  class space    used 6180K, capacity 6304K, committed 6400K, reserved 1048576K
Event: 47.479 GC heap after
Heap after GC invocations=85 (full 6):
 def new generation   total 152640K, used 11036K [0x00000000c0000000, 0x00000000ca5a0000, 0x00000000d5550000)
  eden space 135680K,   0% used [0x00000000c0000000, 0x00000000c0000000, 0x00000000c8480000)
  from space 16960K,  65% used [0x00000000c9510000, 0x00000000c9fd71c8, 0x00000000ca5a0000)
  to   space 16960K,   0% used [0x00000000c8480000, 0x00000000c8480000, 0x00000000c9510000)
 tenured generation   total 339132K, used 283628K [0x00000000d5550000, 0x00000000ea07f000, 0x0000000100000000)
   the space 339132K,  83% used [0x00000000d5550000, 0x00000000e6a4b3f8, 0x00000000e6a4b400, 0x00000000ea07f000)
 Metaspace       used 43372K, capacity 43836K, committed 43992K, reserved 1087488K
  class space    used 6180K, capacity 6304K, committed 6400K, reserved 1048576K
}
Event: 48.507 GC heap before
{Heap before GC invocations=85 (full 6):
 def new generation   total 152640K, used 146716K [0x00000000c0000000, 0x00000000ca5a0000, 0x00000000d5550000)
  eden space 135680K, 100% used [0x00000000c0000000, 0x00000000c8480000, 0x00000000c8480000)
  from space 16960K,  65% used [0x00000000c9510000, 0x00000000c9fd71c8, 0x00000000ca5a0000)
  to   space 16960K,   0% used [0x00000000c8480000, 0x00000000c8480000, 0x00000000c9510000)
 tenured generation   total 339132K, used 283628K [0x00000000d5550000, 0x00000000ea07f000, 0x0000000100000000)
   the space 339132K,  83% used [0x00000000d5550000, 0x00000000e6a4b3f8, 0x00000000e6a4b400, 0x00000000ea07f000)
 Metaspace       used 43372K, capacity 43836K, committed 43992K, reserved 1087488K
  class space    used 6180K, capacity 6304K, committed 6400K, reserved 1048576K
Event: 48.918 GC heap after
Heap after GC invocations=86 (full 6):
 def new generation   total 152640K, used 11317K [0x00000000c0000000, 0x00000000ca5a0000, 0x00000000d5550000)
  eden space 135680K,   0% used [0x00000000c0000000, 0x00000000c0000000, 0x00000000c8480000)
  from space 16960K,  66% used [0x00000000c8480000, 0x00000000c8f8d758, 0x00000000c9510000)
  to   space 16960K,   0% used [0x00000000c9510000, 0x00000000c9510000, 0x00000000ca5a0000)
 tenured generation   total 339132K, used 288846K [0x00000000d5550000, 0x00000000ea07f000, 0x0000000100000000)
   the space 339132K,  85% used [0x00000000d5550000, 0x00000000e6f63b48, 0x00000000e6f63c00, 0x00000000ea07f000)
 Metaspace       used 43372K, capacity 43836K, committed 43992K, reserved 1087488K
  class space    used 6180K, capacity 6304K, committed 6400K, reserved 1048576K
}
Event: 49.713 GC heap before
{Heap before GC invocations=86 (full 6):
 def new generation   total 152640K, used 146997K [0x00000000c0000000, 0x00000000ca5a0000, 0x00000000d5550000)
  eden space 135680K, 100% used [0x00000000c0000000, 0x00000000c8480000, 0x00000000c8480000)
  from space 16960K,  66% used [0x00000000c8480000, 0x00000000c8f8d758, 0x00000000c9510000)
  to   space 16960K,   0% used [0x00000000c9510000, 0x00000000c9510000, 0x00000000ca5a0000)
 tenured generation   total 339132K, used 288846K [0x00000000d5550000, 0x00000000ea07f000, 0x0000000100000000)
   the space 339132K,  85% used [0x00000000d5550000, 0x00000000e6f63b48, 0x00000000e6f63c00, 0x00000000ea07f000)
 Metaspace       used 43372K, capacity 43836K, committed 43992K, reserved 1087488K
  class space    used 6180K, capacity 6304K, committed 6400K, reserved 1048576K
Event: 50.130 GC heap after
Heap after GC invocations=87 (full 6):
 def new generation   total 152640K, used 11137K [0x00000000c0000000, 0x00000000ca5a0000, 0x00000000d5550000)
  eden space 135680K,   0% used [0x00000000c0000000, 0x00000000c0000000, 0x00000000c8480000)
  from space 16960K,  65% used [0x00000000c9510000, 0x00000000c9ff06f0, 0x00000000ca5a0000)
  to   space 16960K,   0% used [0x00000000c8480000, 0x00000000c8480000, 0x00000000c9510000)
 tenured generation   total 339132K, used 294584K [0x00000000d5550000, 0x00000000ea07f000, 0x0000000100000000)
   the space 339132K,  86% used [0x00000000d5550000, 0x00000000e74fe2c8, 0x00000000e74fe400, 0x00000000ea07f000)
 Metaspace       used 43372K, capacity 43836K, committed 43992K, reserved 1087488K
  class space    used 6180K, capacity 6304K, committed 6400K, reserved 1048576K
}
Event: 51.172 GC heap before
{Heap before GC invocations=87 (full 6):
 def new generation   total 152640K, used 146817K [0x00000000c0000000, 0x00000000ca5a0000, 0x00000000d5550000)
  eden space 135680K, 100% used [0x00000000c0000000, 0x00000000c8480000, 0x00000000c8480000)
  from space 16960K,  65% used [0x00000000c9510000, 0x00000000c9ff06f0, 0x00000000ca5a0000)
  to   space 16960K,   0% used [0x00000000c8480000, 0x00000000c8480000, 0x00000000c9510000)
 tenured generation   total 339132K, used 294584K [0x00000000d5550000, 0x00000000ea07f000, 0x0000000100000000)
   the space 339132K,  86% used [0x00000000d5550000, 0x00000000e74fe2c8, 0x00000000e74fe400, 0x00000000ea07f000)
 Metaspace       used 43376K, capacity 43836K, committed 43992K, reserved 1087488K
  class space    used 6180K, capacity 6304K, committed 6400K, reserved 1048576K
Event: 51.869 GC heap after
Heap after GC invocations=88 (full 6):
 def new generation   total 152640K, used 16959K [0x00000000c0000000, 0x00000000ca5a0000, 0x00000000d5550000)
  eden space 135680K,   0% used [0x00000000c0000000, 0x00000000c0000000, 0x00000000c8480000)
  from space 16960K,  99% used [0x00000000c8480000, 0x00000000c950fff8, 0x00000000c9510000)
  to   space 16960K,   0% used [0x00000000c9510000, 0x00000000c9510000, 0x00000000ca5a0000)
 tenured generation   total 339132K, used 310526K [0x00000000d5550000, 0x00000000ea07f000, 0x0000000100000000)
   the space 339132K,  91% used [0x00000000d5550000, 0x00000000e848fb88, 0x00000000e848fc00, 0x00000000ea07f000)
 Metaspace       used 43376K, capacity 43836K, committed 43992K, reserved 1087488K
  class space    used 6180K, capacity 6304K, committed 6400K, reserved 1048576K
}
Event: 53.174 GC heap before
{Heap before GC invocations=88 (full 6):
 def new generation   total 152640K, used 152639K [0x00000000c0000000, 0x00000000ca5a0000, 0x00000000d5550000)
  eden space 135680K, 100% used [0x00000000c0000000, 0x00000000c8480000, 0x00000000c8480000)
  from space 16960K,  99% used [0x00000000c8480000, 0x00000000c950fff8, 0x00000000c9510000)
  to   space 16960K,   0% used [0x00000000c9510000, 0x00000000c9510000, 0x00000000ca5a0000)
 tenured generation   total 339132K, used 310526K [0x00000000d5550000, 0x00000000ea07f000, 0x0000000100000000)
   the space 339132K,  91% used [0x00000000d5550000, 0x00000000e848fb88, 0x00000000e848fc00, 0x00000000ea07f000)
 Metaspace       used 43376K, capacity 43836K, committed 43992K, reserved 1087488K
  class space    used 6180K, capacity 6304K, committed 6400K, reserved 1048576K

